<?xml version="1.0" encoding="utf-8"?><testsuites name="pytest tests"><testsuite name="pytest" errors="0" failures="0" skipped="0" tests="4" time="0.880" timestamp="2026-05-15T08:13:31.478122+00:00" hostname="runnervmeorf1"><testcase classname="tests.test_auth" name="test_login_success" time="0.013" /><testcase classname="tests.test_auth" name="test_login_failure" time="0.003" /><testcase classname="tests.test_users" name="test_create_user" time="0.011" /><testcase classname="tests.test_users" name="test_get_users" time="0.008" /></testsuite></testsuites>